{"C:\\Users\\Lou\\nodejs\\vidly\\index.js": {"path":"C:\\Users\\Lou\\nodejs\\vidly\\index.js","statementMap":{"0":{"start":{"line":1,"column":16},"end":{"line":1,"column":34}},"1":{"start":{"line":2,"column":16},"end":{"line":2,"column":34}},"2":{"start":{"line":3,"column":12},"end":{"line":3,"column":21}},"3":{"start":{"line":5,"column":0},"end":{"line":5,"column":29}},"4":{"start":{"line":6,"column":0},"end":{"line":6,"column":33}},"5":{"start":{"line":7,"column":0},"end":{"line":7,"column":26}},"6":{"start":{"line":8,"column":0},"end":{"line":8,"column":30}},"7":{"start":{"line":9,"column":0},"end":{"line":9,"column":34}},"8":{"start":{"line":11,"column":13},"end":{"line":11,"column":37}},"9":{"start":{"line":12,"column":0},"end":{"line":12,"column":69}},"10":{"start":{"line":12,"column":23},"end":{"line":12,"column":67}}},"fnMap":{"0":{"name":"(anonymous_0)","decl":{"start":{"line":12,"column":17},"end":{"line":12,"column":18}},"loc":{"start":{"line":12,"column":23},"end":{"line":12,"column":67}},"line":12}},"branchMap":{"0":{"loc":{"start":{"line":11,"column":13},"end":{"line":11,"column":37}},"type":"binary-expr","locations":[{"start":{"line":11,"column":13},"end":{"line":11,"column":29}},{"start":{"line":11,"column":33},"end":{"line":11,"column":37}}],"line":11}},"s":{"0":2,"1":2,"2":2,"3":2,"4":2,"5":0,"6":0,"7":0,"8":0,"9":0,"10":0},"f":{"0":0},"b":{"0":[0,0]},"_coverageSchema":"43e27e138ebf9cfc5966b082cf9a028302ed4184","hash":"f8c90013589848d2f118fcdc616422af984a021a"}
,"C:\\Users\\Lou\\nodejs\\vidly\\middleware\\admin.js": {"path":"C:\\Users\\Lou\\nodejs\\vidly\\middleware\\admin.js","statementMap":{"0":{"start":{"line":1,"column":0},"end":{"line":8,"column":3}},"1":{"start":{"line":5,"column":4},"end":{"line":5,"column":73}},"2":{"start":{"line":5,"column":27},"end":{"line":5,"column":73}},"3":{"start":{"line":7,"column":4},"end":{"line":7,"column":11}}},"fnMap":{"0":{"name":"(anonymous_0)","decl":{"start":{"line":1,"column":17},"end":{"line":1,"column":18}},"loc":{"start":{"line":1,"column":43},"end":{"line":8,"column":3}},"line":1}},"branchMap":{"0":{"loc":{"start":{"line":5,"column":4},"end":{"line":5,"column":73}},"type":"if","locations":[{"start":{"line":5,"column":4},"end":{"line":5,"column":73}},{"start":{"line":5,"column":4},"end":{"line":5,"column":73}}],"line":5}},"s":{"0":2,"1":0,"2":0,"3":0},"f":{"0":0},"b":{"0":[0,0]},"_coverageSchema":"43e27e138ebf9cfc5966b082cf9a028302ed4184","hash":"cc87a58c022305b75d1b51800846fddcc516d63c"}
,"C:\\Users\\Lou\\nodejs\\vidly\\middleware\\auth.js": {"path":"C:\\Users\\Lou\\nodejs\\vidly\\middleware\\auth.js","statementMap":{"0":{"start":{"line":1,"column":12},"end":{"line":1,"column":35}},"1":{"start":{"line":2,"column":15},"end":{"line":2,"column":32}},"2":{"start":{"line":4,"column":0},"end":{"line":16,"column":1}},"3":{"start":{"line":5,"column":16},"end":{"line":5,"column":42}},"4":{"start":{"line":6,"column":2},"end":{"line":6,"column":79}},"5":{"start":{"line":6,"column":14},"end":{"line":6,"column":79}},"6":{"start":{"line":8,"column":2},"end":{"line":15,"column":3}},"7":{"start":{"line":9,"column":20},"end":{"line":9,"column":66}},"8":{"start":{"line":10,"column":4},"end":{"line":10,"column":23}},"9":{"start":{"line":11,"column":4},"end":{"line":11,"column":11}},"10":{"start":{"line":14,"column":4},"end":{"line":14,"column":43}}},"fnMap":{"0":{"name":"(anonymous_0)","decl":{"start":{"line":4,"column":17},"end":{"line":4,"column":18}},"loc":{"start":{"line":4,"column":43},"end":{"line":16,"column":1}},"line":4}},"branchMap":{"0":{"loc":{"start":{"line":6,"column":2},"end":{"line":6,"column":79}},"type":"if","locations":[{"start":{"line":6,"column":2},"end":{"line":6,"column":79}},{"start":{"line":6,"column":2},"end":{"line":6,"column":79}}],"line":6}},"s":{"0":3,"1":3,"2":3,"3":1,"4":1,"5":0,"6":1,"7":1,"8":1,"9":1,"10":0},"f":{"0":1},"b":{"0":[0,1]},"_coverageSchema":"43e27e138ebf9cfc5966b082cf9a028302ed4184","hash":"a4a1d42bcc6295d430be3f3d3000dea1e107bc79"}
,"C:\\Users\\Lou\\nodejs\\vidly\\models\\customer.js": {"path":"C:\\Users\\Lou\\nodejs\\vidly\\models\\customer.js","statementMap":{"0":{"start":{"line":1,"column":12},"end":{"line":1,"column":26}},"1":{"start":{"line":2,"column":17},"end":{"line":2,"column":36}},"2":{"start":{"line":4,"column":17},"end":{"line":21,"column":3}},"3":{"start":{"line":24,"column":17},"end":{"line":28,"column":3}},"4":{"start":{"line":30,"column":2},"end":{"line":30,"column":40}},"5":{"start":{"line":33,"column":0},"end":{"line":33,"column":28}},"6":{"start":{"line":34,"column":0},"end":{"line":34,"column":36}}},"fnMap":{"0":{"name":"validateCustomer","decl":{"start":{"line":23,"column":9},"end":{"line":23,"column":25}},"loc":{"start":{"line":23,"column":36},"end":{"line":31,"column":1}},"line":23}},"branchMap":{},"s":{"0":2,"1":2,"2":2,"3":0,"4":0,"5":2,"6":2},"f":{"0":0},"b":{},"_coverageSchema":"43e27e138ebf9cfc5966b082cf9a028302ed4184","hash":"349f23341a15dfd3dd09f66eada94d2364b122e8"}
,"C:\\Users\\Lou\\nodejs\\vidly\\models\\genre.js": {"path":"C:\\Users\\Lou\\nodejs\\vidly\\models\\genre.js","statementMap":{"0":{"start":{"line":1,"column":12},"end":{"line":1,"column":26}},"1":{"start":{"line":2,"column":17},"end":{"line":2,"column":36}},"2":{"start":{"line":4,"column":20},"end":{"line":11,"column":2}},"3":{"start":{"line":13,"column":14},"end":{"line":13,"column":50}},"4":{"start":{"line":16,"column":17},"end":{"line":18,"column":3}},"5":{"start":{"line":20,"column":2},"end":{"line":20,"column":37}},"6":{"start":{"line":23,"column":0},"end":{"line":23,"column":34}},"7":{"start":{"line":24,"column":0},"end":{"line":24,"column":22}},"8":{"start":{"line":25,"column":0},"end":{"line":25,"column":33}}},"fnMap":{"0":{"name":"validateGenre","decl":{"start":{"line":15,"column":9},"end":{"line":15,"column":22}},"loc":{"start":{"line":15,"column":30},"end":{"line":21,"column":1}},"line":15}},"branchMap":{},"s":{"0":2,"1":2,"2":2,"3":2,"4":0,"5":0,"6":2,"7":2,"8":2},"f":{"0":0},"b":{},"_coverageSchema":"43e27e138ebf9cfc5966b082cf9a028302ed4184","hash":"916490f6e16285de22b98cd507cf29753312ee8c"}
,"C:\\Users\\Lou\\nodejs\\vidly\\models\\movie.js": {"path":"C:\\Users\\Lou\\nodejs\\vidly\\models\\movie.js","statementMap":{"0":{"start":{"line":1,"column":12},"end":{"line":1,"column":26}},"1":{"start":{"line":2,"column":17},"end":{"line":2,"column":36}},"2":{"start":{"line":3,"column":22},"end":{"line":3,"column":40}},"3":{"start":{"line":5,"column":14},"end":{"line":29,"column":3}},"4":{"start":{"line":32,"column":17},"end":{"line":37,"column":3}},"5":{"start":{"line":39,"column":2},"end":{"line":39,"column":37}},"6":{"start":{"line":42,"column":0},"end":{"line":42,"column":22}},"7":{"start":{"line":43,"column":0},"end":{"line":43,"column":33}}},"fnMap":{"0":{"name":"validateMovie","decl":{"start":{"line":31,"column":9},"end":{"line":31,"column":22}},"loc":{"start":{"line":31,"column":30},"end":{"line":40,"column":1}},"line":31}},"branchMap":{},"s":{"0":2,"1":2,"2":2,"3":2,"4":0,"5":0,"6":2,"7":2},"f":{"0":0},"b":{},"_coverageSchema":"43e27e138ebf9cfc5966b082cf9a028302ed4184","hash":"77425afe400988d564a2700dee8d982c374fd199"}
,"C:\\Users\\Lou\\nodejs\\vidly\\models\\rental.js": {"path":"C:\\Users\\Lou\\nodejs\\vidly\\models\\rental.js","statementMap":{"0":{"start":{"line":1,"column":12},"end":{"line":1,"column":26}},"1":{"start":{"line":2,"column":17},"end":{"line":2,"column":36}},"2":{"start":{"line":4,"column":15},"end":{"line":56,"column":3}},"3":{"start":{"line":59,"column":17},"end":{"line":62,"column":3}},"4":{"start":{"line":64,"column":2},"end":{"line":64,"column":38}},"5":{"start":{"line":67,"column":0},"end":{"line":67,"column":24}},"6":{"start":{"line":68,"column":0},"end":{"line":68,"column":34}}},"fnMap":{"0":{"name":"validateRental","decl":{"start":{"line":58,"column":9},"end":{"line":58,"column":23}},"loc":{"start":{"line":58,"column":32},"end":{"line":65,"column":1}},"line":58}},"branchMap":{},"s":{"0":2,"1":2,"2":2,"3":0,"4":0,"5":2,"6":2},"f":{"0":0},"b":{},"_coverageSchema":"43e27e138ebf9cfc5966b082cf9a028302ed4184","hash":"42e0979dff8f91aaadbaa8e850699520715590ba"}
,"C:\\Users\\Lou\\nodejs\\vidly\\models\\user.js": {"path":"C:\\Users\\Lou\\nodejs\\vidly\\models\\user.js","statementMap":{"0":{"start":{"line":1,"column":15},"end":{"line":1,"column":32}},"1":{"start":{"line":2,"column":12},"end":{"line":2,"column":35}},"2":{"start":{"line":3,"column":12},"end":{"line":3,"column":26}},"3":{"start":{"line":4,"column":17},"end":{"line":4,"column":36}},"4":{"start":{"line":6,"column":19},"end":{"line":27,"column":2}},"5":{"start":{"line":29,"column":0},"end":{"line":32,"column":1}},"6":{"start":{"line":30,"column":16},"end":{"line":30,"column":95}},"7":{"start":{"line":31,"column":2},"end":{"line":31,"column":15}},"8":{"start":{"line":34,"column":13},"end":{"line":34,"column":47}},"9":{"start":{"line":37,"column":17},"end":{"line":41,"column":3}},"10":{"start":{"line":43,"column":2},"end":{"line":43,"column":36}},"11":{"start":{"line":46,"column":0},"end":{"line":46,"column":20}},"12":{"start":{"line":47,"column":0},"end":{"line":47,"column":32}}},"fnMap":{"0":{"name":"(anonymous_0)","decl":{"start":{"line":29,"column":39},"end":{"line":29,"column":40}},"loc":{"start":{"line":29,"column":50},"end":{"line":32,"column":1}},"line":29},"1":{"name":"validateUser","decl":{"start":{"line":36,"column":9},"end":{"line":36,"column":21}},"loc":{"start":{"line":36,"column":28},"end":{"line":44,"column":1}},"line":36}},"branchMap":{},"s":{"0":4,"1":4,"2":4,"3":4,"4":4,"5":4,"6":11,"7":11,"8":4,"9":0,"10":0,"11":4,"12":4},"f":{"0":11,"1":0},"b":{},"_coverageSchema":"43e27e138ebf9cfc5966b082cf9a028302ed4184","hash":"77b02253b05af0cdf791e98073f23ac119464895"}
,"C:\\Users\\Lou\\nodejs\\vidly\\routes\\customers.js": {"path":"C:\\Users\\Lou\\nodejs\\vidly\\routes\\customers.js","statementMap":{"0":{"start":{"line":1,"column":29},"end":{"line":1,"column":58}},"1":{"start":{"line":2,"column":17},"end":{"line":2,"column":36}},"2":{"start":{"line":3,"column":16},"end":{"line":3,"column":34}},"3":{"start":{"line":4,"column":15},"end":{"line":4,"column":31}},"4":{"start":{"line":6,"column":0},"end":{"line":9,"column":3}},"5":{"start":{"line":7,"column":20},"end":{"line":7,"column":54}},"6":{"start":{"line":8,"column":2},"end":{"line":8,"column":22}},"7":{"start":{"line":11,"column":0},"end":{"line":23,"column":3}},"8":{"start":{"line":12,"column":20},"end":{"line":12,"column":38}},"9":{"start":{"line":13,"column":2},"end":{"line":13,"column":67}},"10":{"start":{"line":13,"column":13},"end":{"line":13,"column":67}},"11":{"start":{"line":15,"column":17},"end":{"line":19,"column":4}},"12":{"start":{"line":20,"column":2},"end":{"line":20,"column":35}},"13":{"start":{"line":22,"column":2},"end":{"line":22,"column":21}},"14":{"start":{"line":25,"column":0},"end":{"line":39,"column":3}},"15":{"start":{"line":26,"column":20},"end":{"line":26,"column":38}},"16":{"start":{"line":27,"column":2},"end":{"line":27,"column":67}},"17":{"start":{"line":27,"column":13},"end":{"line":27,"column":67}},"18":{"start":{"line":29,"column":19},"end":{"line":34,"column":21}},"19":{"start":{"line":36,"column":2},"end":{"line":36,"column":94}},"20":{"start":{"line":36,"column":17},"end":{"line":36,"column":94}},"21":{"start":{"line":38,"column":2},"end":{"line":38,"column":21}},"22":{"start":{"line":41,"column":0},"end":{"line":47,"column":3}},"23":{"start":{"line":42,"column":19},"end":{"line":42,"column":66}},"24":{"start":{"line":44,"column":2},"end":{"line":44,"column":94}},"25":{"start":{"line":44,"column":17},"end":{"line":44,"column":94}},"26":{"start":{"line":46,"column":2},"end":{"line":46,"column":21}},"27":{"start":{"line":49,"column":0},"end":{"line":55,"column":3}},"28":{"start":{"line":50,"column":19},"end":{"line":50,"column":57}},"29":{"start":{"line":52,"column":2},"end":{"line":52,"column":94}},"30":{"start":{"line":52,"column":17},"end":{"line":52,"column":94}},"31":{"start":{"line":54,"column":2},"end":{"line":54,"column":21}},"32":{"start":{"line":57,"column":0},"end":{"line":57,"column":24}}},"fnMap":{"0":{"name":"(anonymous_0)","decl":{"start":{"line":6,"column":16},"end":{"line":6,"column":17}},"loc":{"start":{"line":6,"column":36},"end":{"line":9,"column":1}},"line":6},"1":{"name":"(anonymous_1)","decl":{"start":{"line":11,"column":17},"end":{"line":11,"column":18}},"loc":{"start":{"line":11,"column":37},"end":{"line":23,"column":1}},"line":11},"2":{"name":"(anonymous_2)","decl":{"start":{"line":25,"column":19},"end":{"line":25,"column":20}},"loc":{"start":{"line":25,"column":39},"end":{"line":39,"column":1}},"line":25},"3":{"name":"(anonymous_3)","decl":{"start":{"line":41,"column":22},"end":{"line":41,"column":23}},"loc":{"start":{"line":41,"column":42},"end":{"line":47,"column":1}},"line":41},"4":{"name":"(anonymous_4)","decl":{"start":{"line":49,"column":19},"end":{"line":49,"column":20}},"loc":{"start":{"line":49,"column":39},"end":{"line":55,"column":1}},"line":49}},"branchMap":{"0":{"loc":{"start":{"line":13,"column":2},"end":{"line":13,"column":67}},"type":"if","locations":[{"start":{"line":13,"column":2},"end":{"line":13,"column":67}},{"start":{"line":13,"column":2},"end":{"line":13,"column":67}}],"line":13},"1":{"loc":{"start":{"line":27,"column":2},"end":{"line":27,"column":67}},"type":"if","locations":[{"start":{"line":27,"column":2},"end":{"line":27,"column":67}},{"start":{"line":27,"column":2},"end":{"line":27,"column":67}}],"line":27},"2":{"loc":{"start":{"line":36,"column":2},"end":{"line":36,"column":94}},"type":"if","locations":[{"start":{"line":36,"column":2},"end":{"line":36,"column":94}},{"start":{"line":36,"column":2},"end":{"line":36,"column":94}}],"line":36},"3":{"loc":{"start":{"line":44,"column":2},"end":{"line":44,"column":94}},"type":"if","locations":[{"start":{"line":44,"column":2},"end":{"line":44,"column":94}},{"start":{"line":44,"column":2},"end":{"line":44,"column":94}}],"line":44},"4":{"loc":{"start":{"line":52,"column":2},"end":{"line":52,"column":94}},"type":"if","locations":[{"start":{"line":52,"column":2},"end":{"line":52,"column":94}},{"start":{"line":52,"column":2},"end":{"line":52,"column":94}}],"line":52}},"s":{"0":2,"1":2,"2":2,"3":2,"4":2,"5":0,"6":0,"7":2,"8":0,"9":0,"10":0,"11":0,"12":0,"13":0,"14":2,"15":0,"16":0,"17":0,"18":0,"19":0,"20":0,"21":0,"22":2,"23":0,"24":0,"25":0,"26":0,"27":2,"28":0,"29":0,"30":0,"31":0,"32":2},"f":{"0":0,"1":0,"2":0,"3":0,"4":0},"b":{"0":[0,0],"1":[0,0],"2":[0,0],"3":[0,0],"4":[0,0]},"_coverageSchema":"43e27e138ebf9cfc5966b082cf9a028302ed4184","hash":"c41fc058d6556916db49c3acbac67d3c3058d175"}
,"C:\\Users\\Lou\\nodejs\\vidly\\routes\\genres.js": {"path":"C:\\Users\\Lou\\nodejs\\vidly\\routes\\genres.js","statementMap":{"0":{"start":{"line":1,"column":13},"end":{"line":1,"column":42}},"1":{"start":{"line":2,"column":14},"end":{"line":2,"column":44}},"2":{"start":{"line":3,"column":26},"end":{"line":3,"column":52}},"3":{"start":{"line":4,"column":17},"end":{"line":4,"column":36}},"4":{"start":{"line":5,"column":16},"end":{"line":5,"column":34}},"5":{"start":{"line":6,"column":15},"end":{"line":6,"column":31}},"6":{"start":{"line":9,"column":0},"end":{"line":13,"column":3}},"7":{"start":{"line":10,"column":2},"end":{"line":10,"column":35}},"8":{"start":{"line":11,"column":17},"end":{"line":11,"column":48}},"9":{"start":{"line":12,"column":2},"end":{"line":12,"column":19}},"10":{"start":{"line":15,"column":0},"end":{"line":23,"column":3}},"11":{"start":{"line":16,"column":20},"end":{"line":16,"column":38}},"12":{"start":{"line":17,"column":2},"end":{"line":17,"column":67}},"13":{"start":{"line":17,"column":13},"end":{"line":17,"column":67}},"14":{"start":{"line":19,"column":14},"end":{"line":19,"column":48}},"15":{"start":{"line":20,"column":2},"end":{"line":20,"column":29}},"16":{"start":{"line":22,"column":2},"end":{"line":22,"column":18}},"17":{"start":{"line":25,"column":0},"end":{"line":36,"column":3}},"18":{"start":{"line":26,"column":20},"end":{"line":26,"column":38}},"19":{"start":{"line":27,"column":2},"end":{"line":27,"column":67}},"20":{"start":{"line":27,"column":13},"end":{"line":27,"column":67}},"21":{"start":{"line":29,"column":16},"end":{"line":31,"column":4}},"22":{"start":{"line":33,"column":2},"end":{"line":33,"column":88}},"23":{"start":{"line":33,"column":14},"end":{"line":33,"column":88}},"24":{"start":{"line":35,"column":2},"end":{"line":35,"column":18}},"25":{"start":{"line":38,"column":0},"end":{"line":44,"column":3}},"26":{"start":{"line":39,"column":16},"end":{"line":39,"column":60}},"27":{"start":{"line":41,"column":2},"end":{"line":41,"column":88}},"28":{"start":{"line":41,"column":14},"end":{"line":41,"column":88}},"29":{"start":{"line":43,"column":2},"end":{"line":43,"column":18}},"30":{"start":{"line":46,"column":0},"end":{"line":52,"column":3}},"31":{"start":{"line":47,"column":16},"end":{"line":47,"column":51}},"32":{"start":{"line":49,"column":2},"end":{"line":49,"column":88}},"33":{"start":{"line":49,"column":14},"end":{"line":49,"column":88}},"34":{"start":{"line":51,"column":2},"end":{"line":51,"column":18}},"35":{"start":{"line":54,"column":0},"end":{"line":54,"column":24}}},"fnMap":{"0":{"name":"(anonymous_0)","decl":{"start":{"line":9,"column":16},"end":{"line":9,"column":17}},"loc":{"start":{"line":9,"column":36},"end":{"line":13,"column":1}},"line":9},"1":{"name":"(anonymous_1)","decl":{"start":{"line":15,"column":23},"end":{"line":15,"column":24}},"loc":{"start":{"line":15,"column":42},"end":{"line":23,"column":1}},"line":15},"2":{"name":"(anonymous_2)","decl":{"start":{"line":25,"column":19},"end":{"line":25,"column":20}},"loc":{"start":{"line":25,"column":39},"end":{"line":36,"column":1}},"line":25},"3":{"name":"(anonymous_3)","decl":{"start":{"line":38,"column":37},"end":{"line":38,"column":38}},"loc":{"start":{"line":38,"column":57},"end":{"line":44,"column":1}},"line":38},"4":{"name":"(anonymous_4)","decl":{"start":{"line":46,"column":19},"end":{"line":46,"column":20}},"loc":{"start":{"line":46,"column":39},"end":{"line":52,"column":1}},"line":46}},"branchMap":{"0":{"loc":{"start":{"line":17,"column":2},"end":{"line":17,"column":67}},"type":"if","locations":[{"start":{"line":17,"column":2},"end":{"line":17,"column":67}},{"start":{"line":17,"column":2},"end":{"line":17,"column":67}}],"line":17},"1":{"loc":{"start":{"line":27,"column":2},"end":{"line":27,"column":67}},"type":"if","locations":[{"start":{"line":27,"column":2},"end":{"line":27,"column":67}},{"start":{"line":27,"column":2},"end":{"line":27,"column":67}}],"line":27},"2":{"loc":{"start":{"line":33,"column":2},"end":{"line":33,"column":88}},"type":"if","locations":[{"start":{"line":33,"column":2},"end":{"line":33,"column":88}},{"start":{"line":33,"column":2},"end":{"line":33,"column":88}}],"line":33},"3":{"loc":{"start":{"line":41,"column":2},"end":{"line":41,"column":88}},"type":"if","locations":[{"start":{"line":41,"column":2},"end":{"line":41,"column":88}},{"start":{"line":41,"column":2},"end":{"line":41,"column":88}}],"line":41},"4":{"loc":{"start":{"line":49,"column":2},"end":{"line":49,"column":88}},"type":"if","locations":[{"start":{"line":49,"column":2},"end":{"line":49,"column":88}},{"start":{"line":49,"column":2},"end":{"line":49,"column":88}}],"line":49}},"s":{"0":2,"1":2,"2":2,"3":2,"4":2,"5":2,"6":2,"7":0,"8":0,"9":0,"10":2,"11":0,"12":0,"13":0,"14":0,"15":0,"16":0,"17":2,"18":0,"19":0,"20":0,"21":0,"22":0,"23":0,"24":0,"25":2,"26":0,"27":0,"28":0,"29":0,"30":2,"31":0,"32":0,"33":0,"34":0,"35":2},"f":{"0":0,"1":0,"2":0,"3":0,"4":0},"b":{"0":[0,0],"1":[0,0],"2":[0,0],"3":[0,0],"4":[0,0]},"_coverageSchema":"43e27e138ebf9cfc5966b082cf9a028302ed4184","hash":"05a7af428efd2db44e34e75fd2041326eb635798"}
,"C:\\Users\\Lou\\nodejs\\vidly\\routes\\movies.js": {"path":"C:\\Users\\Lou\\nodejs\\vidly\\routes\\movies.js","statementMap":{"0":{"start":{"line":1,"column":26},"end":{"line":1,"column":52}},"1":{"start":{"line":2,"column":16},"end":{"line":2,"column":42}},"2":{"start":{"line":3,"column":17},"end":{"line":3,"column":36}},"3":{"start":{"line":4,"column":16},"end":{"line":4,"column":34}},"4":{"start":{"line":5,"column":15},"end":{"line":5,"column":31}},"5":{"start":{"line":7,"column":0},"end":{"line":10,"column":3}},"6":{"start":{"line":8,"column":17},"end":{"line":8,"column":48}},"7":{"start":{"line":9,"column":2},"end":{"line":9,"column":19}},"8":{"start":{"line":12,"column":0},"end":{"line":31,"column":3}},"9":{"start":{"line":13,"column":20},"end":{"line":13,"column":38}},"10":{"start":{"line":14,"column":2},"end":{"line":14,"column":67}},"11":{"start":{"line":14,"column":13},"end":{"line":14,"column":67}},"12":{"start":{"line":16,"column":16},"end":{"line":16,"column":54}},"13":{"start":{"line":17,"column":2},"end":{"line":17,"column":60}},"14":{"start":{"line":17,"column":14},"end":{"line":17,"column":60}},"15":{"start":{"line":19,"column":16},"end":{"line":27,"column":4}},"16":{"start":{"line":28,"column":2},"end":{"line":28,"column":21}},"17":{"start":{"line":30,"column":2},"end":{"line":30,"column":18}},"18":{"start":{"line":33,"column":0},"end":{"line":54,"column":3}},"19":{"start":{"line":34,"column":20},"end":{"line":34,"column":38}},"20":{"start":{"line":35,"column":2},"end":{"line":35,"column":67}},"21":{"start":{"line":35,"column":13},"end":{"line":35,"column":67}},"22":{"start":{"line":37,"column":16},"end":{"line":37,"column":54}},"23":{"start":{"line":38,"column":2},"end":{"line":38,"column":60}},"24":{"start":{"line":38,"column":14},"end":{"line":38,"column":60}},"25":{"start":{"line":40,"column":16},"end":{"line":49,"column":21}},"26":{"start":{"line":51,"column":2},"end":{"line":51,"column":88}},"27":{"start":{"line":51,"column":14},"end":{"line":51,"column":88}},"28":{"start":{"line":53,"column":2},"end":{"line":53,"column":18}},"29":{"start":{"line":56,"column":0},"end":{"line":62,"column":3}},"30":{"start":{"line":57,"column":16},"end":{"line":57,"column":60}},"31":{"start":{"line":59,"column":2},"end":{"line":59,"column":88}},"32":{"start":{"line":59,"column":14},"end":{"line":59,"column":88}},"33":{"start":{"line":61,"column":2},"end":{"line":61,"column":18}},"34":{"start":{"line":64,"column":0},"end":{"line":70,"column":3}},"35":{"start":{"line":65,"column":16},"end":{"line":65,"column":51}},"36":{"start":{"line":67,"column":2},"end":{"line":67,"column":88}},"37":{"start":{"line":67,"column":14},"end":{"line":67,"column":88}},"38":{"start":{"line":69,"column":2},"end":{"line":69,"column":18}},"39":{"start":{"line":72,"column":0},"end":{"line":72,"column":24}}},"fnMap":{"0":{"name":"(anonymous_0)","decl":{"start":{"line":7,"column":16},"end":{"line":7,"column":17}},"loc":{"start":{"line":7,"column":36},"end":{"line":10,"column":1}},"line":7},"1":{"name":"(anonymous_1)","decl":{"start":{"line":12,"column":17},"end":{"line":12,"column":18}},"loc":{"start":{"line":12,"column":37},"end":{"line":31,"column":1}},"line":12},"2":{"name":"(anonymous_2)","decl":{"start":{"line":33,"column":19},"end":{"line":33,"column":20}},"loc":{"start":{"line":33,"column":39},"end":{"line":54,"column":1}},"line":33},"3":{"name":"(anonymous_3)","decl":{"start":{"line":56,"column":22},"end":{"line":56,"column":23}},"loc":{"start":{"line":56,"column":42},"end":{"line":62,"column":1}},"line":56},"4":{"name":"(anonymous_4)","decl":{"start":{"line":64,"column":19},"end":{"line":64,"column":20}},"loc":{"start":{"line":64,"column":39},"end":{"line":70,"column":1}},"line":64}},"branchMap":{"0":{"loc":{"start":{"line":14,"column":2},"end":{"line":14,"column":67}},"type":"if","locations":[{"start":{"line":14,"column":2},"end":{"line":14,"column":67}},{"start":{"line":14,"column":2},"end":{"line":14,"column":67}}],"line":14},"1":{"loc":{"start":{"line":17,"column":2},"end":{"line":17,"column":60}},"type":"if","locations":[{"start":{"line":17,"column":2},"end":{"line":17,"column":60}},{"start":{"line":17,"column":2},"end":{"line":17,"column":60}}],"line":17},"2":{"loc":{"start":{"line":35,"column":2},"end":{"line":35,"column":67}},"type":"if","locations":[{"start":{"line":35,"column":2},"end":{"line":35,"column":67}},{"start":{"line":35,"column":2},"end":{"line":35,"column":67}}],"line":35},"3":{"loc":{"start":{"line":38,"column":2},"end":{"line":38,"column":60}},"type":"if","locations":[{"start":{"line":38,"column":2},"end":{"line":38,"column":60}},{"start":{"line":38,"column":2},"end":{"line":38,"column":60}}],"line":38},"4":{"loc":{"start":{"line":51,"column":2},"end":{"line":51,"column":88}},"type":"if","locations":[{"start":{"line":51,"column":2},"end":{"line":51,"column":88}},{"start":{"line":51,"column":2},"end":{"line":51,"column":88}}],"line":51},"5":{"loc":{"start":{"line":59,"column":2},"end":{"line":59,"column":88}},"type":"if","locations":[{"start":{"line":59,"column":2},"end":{"line":59,"column":88}},{"start":{"line":59,"column":2},"end":{"line":59,"column":88}}],"line":59},"6":{"loc":{"start":{"line":67,"column":2},"end":{"line":67,"column":88}},"type":"if","locations":[{"start":{"line":67,"column":2},"end":{"line":67,"column":88}},{"start":{"line":67,"column":2},"end":{"line":67,"column":88}}],"line":67}},"s":{"0":2,"1":2,"2":2,"3":2,"4":2,"5":2,"6":0,"7":0,"8":2,"9":0,"10":0,"11":0,"12":0,"13":0,"14":0,"15":0,"16":0,"17":0,"18":2,"19":0,"20":0,"21":0,"22":0,"23":0,"24":0,"25":0,"26":0,"27":0,"28":0,"29":2,"30":0,"31":0,"32":0,"33":0,"34":2,"35":0,"36":0,"37":0,"38":0,"39":2},"f":{"0":0,"1":0,"2":0,"3":0,"4":0},"b":{"0":[0,0],"1":[0,0],"2":[0,0],"3":[0,0],"4":[0,0],"5":[0,0],"6":[0,0]},"_coverageSchema":"43e27e138ebf9cfc5966b082cf9a028302ed4184","hash":"33d08312c287433568bd89d44f9d00c94c849ece"}
,"C:\\Users\\Lou\\nodejs\\vidly\\routes\\rentals.js": {"path":"C:\\Users\\Lou\\nodejs\\vidly\\routes\\rentals.js","statementMap":{"0":{"start":{"line":1,"column":27},"end":{"line":1,"column":54}},"1":{"start":{"line":2,"column":16},"end":{"line":2,"column":42}},"2":{"start":{"line":3,"column":19},"end":{"line":3,"column":48}},"3":{"start":{"line":4,"column":17},"end":{"line":4,"column":36}},"4":{"start":{"line":5,"column":13},"end":{"line":5,"column":28}},"5":{"start":{"line":6,"column":16},"end":{"line":6,"column":34}},"6":{"start":{"line":7,"column":15},"end":{"line":7,"column":31}},"7":{"start":{"line":9,"column":0},"end":{"line":9,"column":20}},"8":{"start":{"line":11,"column":0},"end":{"line":14,"column":3}},"9":{"start":{"line":12,"column":18},"end":{"line":12,"column":54}},"10":{"start":{"line":13,"column":2},"end":{"line":13,"column":20}},"11":{"start":{"line":16,"column":0},"end":{"line":54,"column":3}},"12":{"start":{"line":17,"column":20},"end":{"line":17,"column":38}},"13":{"start":{"line":18,"column":2},"end":{"line":18,"column":67}},"14":{"start":{"line":18,"column":13},"end":{"line":18,"column":67}},"15":{"start":{"line":20,"column":19},"end":{"line":20,"column":63}},"16":{"start":{"line":21,"column":2},"end":{"line":21,"column":66}},"17":{"start":{"line":21,"column":17},"end":{"line":21,"column":66}},"18":{"start":{"line":23,"column":16},"end":{"line":23,"column":54}},"19":{"start":{"line":24,"column":2},"end":{"line":24,"column":60}},"20":{"start":{"line":24,"column":14},"end":{"line":24,"column":60}},"21":{"start":{"line":26,"column":2},"end":{"line":26,"column":84}},"22":{"start":{"line":26,"column":33},"end":{"line":26,"column":84}},"23":{"start":{"line":28,"column":15},"end":{"line":39,"column":4}},"24":{"start":{"line":41,"column":2},"end":{"line":53,"column":3}},"25":{"start":{"line":42,"column":4},"end":{"line":47,"column":13}},"26":{"start":{"line":49,"column":4},"end":{"line":49,"column":21}},"27":{"start":{"line":52,"column":4},"end":{"line":52,"column":46}},"28":{"start":{"line":56,"column":0},"end":{"line":62,"column":3}},"29":{"start":{"line":57,"column":17},"end":{"line":57,"column":53}},"30":{"start":{"line":59,"column":2},"end":{"line":59,"column":90}},"31":{"start":{"line":59,"column":15},"end":{"line":59,"column":90}},"32":{"start":{"line":61,"column":2},"end":{"line":61,"column":19}},"33":{"start":{"line":64,"column":0},"end":{"line":64,"column":24}}},"fnMap":{"0":{"name":"(anonymous_0)","decl":{"start":{"line":11,"column":16},"end":{"line":11,"column":17}},"loc":{"start":{"line":11,"column":36},"end":{"line":14,"column":1}},"line":11},"1":{"name":"(anonymous_1)","decl":{"start":{"line":16,"column":17},"end":{"line":16,"column":18}},"loc":{"start":{"line":16,"column":37},"end":{"line":54,"column":1}},"line":16},"2":{"name":"(anonymous_2)","decl":{"start":{"line":56,"column":19},"end":{"line":56,"column":20}},"loc":{"start":{"line":56,"column":39},"end":{"line":62,"column":1}},"line":56}},"branchMap":{"0":{"loc":{"start":{"line":18,"column":2},"end":{"line":18,"column":67}},"type":"if","locations":[{"start":{"line":18,"column":2},"end":{"line":18,"column":67}},{"start":{"line":18,"column":2},"end":{"line":18,"column":67}}],"line":18},"1":{"loc":{"start":{"line":21,"column":2},"end":{"line":21,"column":66}},"type":"if","locations":[{"start":{"line":21,"column":2},"end":{"line":21,"column":66}},{"start":{"line":21,"column":2},"end":{"line":21,"column":66}}],"line":21},"2":{"loc":{"start":{"line":24,"column":2},"end":{"line":24,"column":60}},"type":"if","locations":[{"start":{"line":24,"column":2},"end":{"line":24,"column":60}},{"start":{"line":24,"column":2},"end":{"line":24,"column":60}}],"line":24},"3":{"loc":{"start":{"line":26,"column":2},"end":{"line":26,"column":84}},"type":"if","locations":[{"start":{"line":26,"column":2},"end":{"line":26,"column":84}},{"start":{"line":26,"column":2},"end":{"line":26,"column":84}}],"line":26},"4":{"loc":{"start":{"line":59,"column":2},"end":{"line":59,"column":90}},"type":"if","locations":[{"start":{"line":59,"column":2},"end":{"line":59,"column":90}},{"start":{"line":59,"column":2},"end":{"line":59,"column":90}}],"line":59}},"s":{"0":2,"1":2,"2":2,"3":2,"4":2,"5":0,"6":0,"7":0,"8":0,"9":0,"10":0,"11":0,"12":0,"13":0,"14":0,"15":0,"16":0,"17":0,"18":0,"19":0,"20":0,"21":0,"22":0,"23":0,"24":0,"25":0,"26":0,"27":0,"28":0,"29":0,"30":0,"31":0,"32":0,"33":0},"f":{"0":0,"1":0,"2":0},"b":{"0":[0,0],"1":[0,0],"2":[0,0],"3":[0,0],"4":[0,0]},"_coverageSchema":"43e27e138ebf9cfc5966b082cf9a028302ed4184","hash":"a4f441c6c6bcd0b92d7ab417c448a9aa65dfb631"}
,"C:\\Users\\Lou\\nodejs\\vidly\\startup\\logging.js": {"path":"C:\\Users\\Lou\\nodejs\\vidly\\startup\\logging.js","statementMap":{"0":{"start":{"line":1,"column":16},"end":{"line":1,"column":34}},"1":{"start":{"line":2,"column":0},"end":{"line":2,"column":27}},"2":{"start":{"line":3,"column":0},"end":{"line":3,"column":32}},"3":{"start":{"line":5,"column":0},"end":{"line":19,"column":1}},"4":{"start":{"line":6,"column":2},"end":{"line":8,"column":73}},"5":{"start":{"line":10,"column":2},"end":{"line":12,"column":5}},"6":{"start":{"line":11,"column":4},"end":{"line":11,"column":13}},"7":{"start":{"line":14,"column":2},"end":{"line":14,"column":68}},"8":{"start":{"line":15,"column":2},"end":{"line":18,"column":5}}},"fnMap":{"0":{"name":"(anonymous_0)","decl":{"start":{"line":5,"column":17},"end":{"line":5,"column":18}},"loc":{"start":{"line":5,"column":28},"end":{"line":19,"column":1}},"line":5},"1":{"name":"(anonymous_1)","decl":{"start":{"line":10,"column":35},"end":{"line":10,"column":36}},"loc":{"start":{"line":10,"column":43},"end":{"line":12,"column":3}},"line":10}},"branchMap":{},"s":{"0":2,"1":2,"2":2,"3":2,"4":0,"5":0,"6":0,"7":0,"8":0},"f":{"0":0,"1":0},"b":{},"_coverageSchema":"43e27e138ebf9cfc5966b082cf9a028302ed4184","hash":"79bfc8de894a1bd1ace3487ddbd2bfbe468d09f2"}
,"C:\\Users\\Lou\\nodejs\\vidly\\startup\\routes.js": {"path":"C:\\Users\\Lou\\nodejs\\vidly\\startup\\routes.js","statementMap":{"0":{"start":{"line":1,"column":16},"end":{"line":1,"column":34}},"1":{"start":{"line":2,"column":15},"end":{"line":2,"column":42}},"2":{"start":{"line":3,"column":18},"end":{"line":3,"column":48}},"3":{"start":{"line":4,"column":15},"end":{"line":4,"column":42}},"4":{"start":{"line":5,"column":16},"end":{"line":5,"column":44}},"5":{"start":{"line":6,"column":14},"end":{"line":6,"column":40}},"6":{"start":{"line":7,"column":13},"end":{"line":7,"column":38}},"7":{"start":{"line":8,"column":14},"end":{"line":8,"column":44}},"8":{"start":{"line":10,"column":0},"end":{"line":19,"column":1}},"9":{"start":{"line":11,"column":2},"end":{"line":11,"column":26}},"10":{"start":{"line":12,"column":2},"end":{"line":12,"column":33}},"11":{"start":{"line":13,"column":2},"end":{"line":13,"column":39}},"12":{"start":{"line":14,"column":2},"end":{"line":14,"column":33}},"13":{"start":{"line":15,"column":2},"end":{"line":15,"column":35}},"14":{"start":{"line":16,"column":2},"end":{"line":16,"column":31}},"15":{"start":{"line":17,"column":2},"end":{"line":17,"column":29}},"16":{"start":{"line":18,"column":2},"end":{"line":18,"column":17}}},"fnMap":{"0":{"name":"(anonymous_0)","decl":{"start":{"line":10,"column":17},"end":{"line":10,"column":18}},"loc":{"start":{"line":10,"column":31},"end":{"line":19,"column":1}},"line":10}},"branchMap":{},"s":{"0":2,"1":2,"2":2,"3":2,"4":2,"5":0,"6":0,"7":0,"8":0,"9":0,"10":0,"11":0,"12":0,"13":0,"14":0,"15":0,"16":0},"f":{"0":0},"b":{},"_coverageSchema":"43e27e138ebf9cfc5966b082cf9a028302ed4184","hash":"58a5bc7316b08ad85d8fbcafcc83b945affad9a8"}
}
