TN:
SF:C:\Users\Lou\nodejs\vidly\index.js
FN:12,(anonymous_0)
FNF:1
FNH:0
FNDA:0,(anonymous_0)
DA:1,2
DA:2,2
DA:3,2
DA:5,2
DA:6,2
DA:7,0
DA:8,0
DA:9,0
DA:11,0
DA:12,0
LF:10
LH:5
BRDA:11,0,0,0
BRDA:11,0,1,0
BRF:2
BRH:0
end_of_record
TN:
SF:C:\Users\Lou\nodejs\vidly\middleware\admin.js
FN:1,(anonymous_0)
FNF:1
FNH:0
FNDA:0,(anonymous_0)
DA:1,2
DA:5,0
DA:7,0
LF:3
LH:1
BRDA:5,0,0,0
BRDA:5,0,1,0
BRF:2
BRH:0
end_of_record
TN:
SF:C:\Users\Lou\nodejs\vidly\middleware\auth.js
FN:4,(anonymous_0)
FNF:1
FNH:1
FNDA:1,(anonymous_0)
DA:1,3
DA:2,3
DA:4,3
DA:5,1
DA:6,1
DA:8,1
DA:9,1
DA:10,1
DA:11,1
DA:14,0
LF:10
LH:9
BRDA:6,0,0,0
BRDA:6,0,1,1
BRF:2
BRH:1
end_of_record
TN:
SF:C:\Users\Lou\nodejs\vidly\models\customer.js
FN:23,validateCustomer
FNF:1
FNH:0
FNDA:0,validateCustomer
DA:1,2
DA:2,2
DA:4,2
DA:24,0
DA:30,0
DA:33,2
DA:34,2
LF:7
LH:5
BRF:0
BRH:0
end_of_record
TN:
SF:C:\Users\Lou\nodejs\vidly\models\genre.js
FN:15,validateGenre
FNF:1
FNH:0
FNDA:0,validateGenre
DA:1,2
DA:2,2
DA:4,2
DA:13,2
DA:16,0
DA:20,0
DA:23,2
DA:24,2
DA:25,2
LF:9
LH:7
BRF:0
BRH:0
end_of_record
TN:
SF:C:\Users\Lou\nodejs\vidly\models\movie.js
FN:31,validateMovie
FNF:1
FNH:0
FNDA:0,validateMovie
DA:1,2
DA:2,2
DA:3,2
DA:5,2
DA:32,0
DA:39,0
DA:42,2
DA:43,2
LF:8
LH:6
BRF:0
BRH:0
end_of_record
TN:
SF:C:\Users\Lou\nodejs\vidly\models\rental.js
FN:58,validateRental
FNF:1
FNH:0
FNDA:0,validateRental
DA:1,2
DA:2,2
DA:4,2
DA:59,0
DA:64,0
DA:67,2
DA:68,2
LF:7
LH:5
BRF:0
BRH:0
end_of_record
TN:
SF:C:\Users\Lou\nodejs\vidly\models\user.js
FN:29,(anonymous_0)
FN:36,validateUser
FNF:2
FNH:1
FNDA:11,(anonymous_0)
FNDA:0,validateUser
DA:1,4
DA:2,4
DA:3,4
DA:4,4
DA:6,4
DA:29,4
DA:30,11
DA:31,11
DA:34,4
DA:37,0
DA:43,0
DA:46,4
DA:47,4
LF:13
LH:11
BRF:0
BRH:0
end_of_record
TN:
SF:C:\Users\Lou\nodejs\vidly\routes\customers.js
FN:6,(anonymous_0)
FN:11,(anonymous_1)
FN:25,(anonymous_2)
FN:41,(anonymous_3)
FN:49,(anonymous_4)
FNF:5
FNH:0
FNDA:0,(anonymous_0)
FNDA:0,(anonymous_1)
FNDA:0,(anonymous_2)
FNDA:0,(anonymous_3)
FNDA:0,(anonymous_4)
DA:1,2
DA:2,2
DA:3,2
DA:4,2
DA:6,2
DA:7,0
DA:8,0
DA:11,2
DA:12,0
DA:13,0
DA:15,0
DA:20,0
DA:22,0
DA:25,2
DA:26,0
DA:27,0
DA:29,0
DA:36,0
DA:38,0
DA:41,2
DA:42,0
DA:44,0
DA:46,0
DA:49,2
DA:50,0
DA:52,0
DA:54,0
DA:57,2
LF:28
LH:10
BRDA:13,0,0,0
BRDA:13,0,1,0
BRDA:27,1,0,0
BRDA:27,1,1,0
BRDA:36,2,0,0
BRDA:36,2,1,0
BRDA:44,3,0,0
BRDA:44,3,1,0
BRDA:52,4,0,0
BRDA:52,4,1,0
BRF:10
BRH:0
end_of_record
TN:
SF:C:\Users\Lou\nodejs\vidly\routes\genres.js
FN:9,(anonymous_0)
FN:15,(anonymous_1)
FN:25,(anonymous_2)
FN:38,(anonymous_3)
FN:46,(anonymous_4)
FNF:5
FNH:0
FNDA:0,(anonymous_0)
FNDA:0,(anonymous_1)
FNDA:0,(anonymous_2)
FNDA:0,(anonymous_3)
FNDA:0,(anonymous_4)
DA:1,2
DA:2,2
DA:3,2
DA:4,2
DA:5,2
DA:6,2
DA:9,2
DA:10,0
DA:11,0
DA:12,0
DA:15,2
DA:16,0
DA:17,0
DA:19,0
DA:20,0
DA:22,0
DA:25,2
DA:26,0
DA:27,0
DA:29,0
DA:33,0
DA:35,0
DA:38,2
DA:39,0
DA:41,0
DA:43,0
DA:46,2
DA:47,0
DA:49,0
DA:51,0
DA:54,2
LF:31
LH:12
BRDA:17,0,0,0
BRDA:17,0,1,0
BRDA:27,1,0,0
BRDA:27,1,1,0
BRDA:33,2,0,0
BRDA:33,2,1,0
BRDA:41,3,0,0
BRDA:41,3,1,0
BRDA:49,4,0,0
BRDA:49,4,1,0
BRF:10
BRH:0
end_of_record
TN:
SF:C:\Users\Lou\nodejs\vidly\routes\movies.js
FN:7,(anonymous_0)
FN:12,(anonymous_1)
FN:33,(anonymous_2)
FN:56,(anonymous_3)
FN:64,(anonymous_4)
FNF:5
FNH:0
FNDA:0,(anonymous_0)
FNDA:0,(anonymous_1)
FNDA:0,(anonymous_2)
FNDA:0,(anonymous_3)
FNDA:0,(anonymous_4)
DA:1,2
DA:2,2
DA:3,2
DA:4,2
DA:5,2
DA:7,2
DA:8,0
DA:9,0
DA:12,2
DA:13,0
DA:14,0
DA:16,0
DA:17,0
DA:19,0
DA:28,0
DA:30,0
DA:33,2
DA:34,0
DA:35,0
DA:37,0
DA:38,0
DA:40,0
DA:51,0
DA:53,0
DA:56,2
DA:57,0
DA:59,0
DA:61,0
DA:64,2
DA:65,0
DA:67,0
DA:69,0
DA:72,2
LF:33
LH:11
BRDA:14,0,0,0
BRDA:14,0,1,0
BRDA:17,1,0,0
BRDA:17,1,1,0
BRDA:35,2,0,0
BRDA:35,2,1,0
BRDA:38,3,0,0
BRDA:38,3,1,0
BRDA:51,4,0,0
BRDA:51,4,1,0
BRDA:59,5,0,0
BRDA:59,5,1,0
BRDA:67,6,0,0
BRDA:67,6,1,0
BRF:14
BRH:0
end_of_record
TN:
SF:C:\Users\Lou\nodejs\vidly\routes\rentals.js
FN:11,(anonymous_0)
FN:16,(anonymous_1)
FN:56,(anonymous_2)
FNF:3
FNH:0
FNDA:0,(anonymous_0)
FNDA:0,(anonymous_1)
FNDA:0,(anonymous_2)
DA:1,2
DA:2,2
DA:3,2
DA:4,2
DA:5,2
DA:6,0
DA:7,0
DA:9,0
DA:11,0
DA:12,0
DA:13,0
DA:16,0
DA:17,0
DA:18,0
DA:20,0
DA:21,0
DA:23,0
DA:24,0
DA:26,0
DA:28,0
DA:41,0
DA:42,0
DA:49,0
DA:52,0
DA:56,0
DA:57,0
DA:59,0
DA:61,0
DA:64,0
LF:29
LH:5
BRDA:18,0,0,0
BRDA:18,0,1,0
BRDA:21,1,0,0
BRDA:21,1,1,0
BRDA:24,2,0,0
BRDA:24,2,1,0
BRDA:26,3,0,0
BRDA:26,3,1,0
BRDA:59,4,0,0
BRDA:59,4,1,0
BRF:10
BRH:0
end_of_record
TN:
SF:C:\Users\Lou\nodejs\vidly\startup\logging.js
FN:5,(anonymous_0)
FN:10,(anonymous_1)
FNF:2
FNH:0
FNDA:0,(anonymous_0)
FNDA:0,(anonymous_1)
DA:1,2
DA:2,2
DA:3,2
DA:5,2
DA:6,0
DA:10,0
DA:11,0
DA:14,0
DA:15,0
LF:9
LH:4
BRF:0
BRH:0
end_of_record
TN:
SF:C:\Users\Lou\nodejs\vidly\startup\routes.js
FN:10,(anonymous_0)
FNF:1
FNH:0
FNDA:0,(anonymous_0)
DA:1,2
DA:2,2
DA:3,2
DA:4,2
DA:5,2
DA:6,0
DA:7,0
DA:8,0
DA:10,0
DA:11,0
DA:12,0
DA:13,0
DA:14,0
DA:15,0
DA:16,0
DA:17,0
DA:18,0
LF:17
LH:5
BRF:0
BRH:0
end_of_record
